This is pdfTeX, Version 3.141592653-2.6-1.40.26 (MiKTeX 24.4) (preloaded format=pdflatex 2024.12.2)  4 DEC 2024 16:29
entering extended mode
 restricted \write18 enabled.
 %&-line parsing enabled.
**./kk.tex
(kk.tex
LaTeX2e <2024-11-01>
L3 programming layer <2024-11-02>
(/home/hyxinh/.miktex/texmfs/install/tex/latex/base/article.cls
Document Class: article 2024/06/29 v1.4n Standard LaTeX document class
(/home/hyxinh/.miktex/texmfs/install/tex/latex/base/size11.clo
File: size11.clo 2024/06/29 v1.4n Standard LaTeX file (size option)
)
\c@part=\count196
\c@section=\count197
\c@subsection=\count198
\c@subsubsection=\count199
\c@paragraph=\count266
\c@subparagraph=\count267
\c@figure=\count268
\c@table=\count269
\abovecaptionskip=\skip49
\belowcaptionskip=\skip50
\bibindent=\dimen141
)
(/home/hyxinh/.miktex/texmfs/install/tex/generic/babel/babel.sty
Package: babel 2024/11/08 v24.13 The multilingual framework for pdfLaTeX, LuaLa
TeX and XeLaTeX
\babel@savecnt=\count270
\U@D=\dimen142
\l@unhyphenated=\language79

(/home/hyxinh/.miktex/texmfs/install/tex/generic/babel/txtbabel.def)
\bbl@readstream=\read2
\bbl@dirlevel=\count271

*************************************
* Local config file bblopts.cfg used
*
(/home/hyxinh/.miktex/texmfs/install/tex/latex/arabi/bblopts.cfg
File: bblopts.cfg 2005/09/08 v0.1 add Arabic and Farsi to "declared" options of
 babel
)
(/home/hyxinh/.miktex/texmfs/install/tex/latex/babel-vietnamese/vietnamese.ldf
Language: vietnamese 


Package babel Warning: No hyphenation patterns were preloaded for
(babel)                the language 'Vietnamese' into the format.
(babel)                Please, configure your TeX system to add them and
(babel)                rebuild the format. Now I will use the patterns
(babel)                preloaded for \language=0 instead on input line 36.

Package babel Info: Hyphen rules for 'vietnamese' set to \l@english
(babel)             (\language0). Reported on input line 37.
Package babel Info: Hyphen rules for 'vietnam' set to \l@english
(babel)             (\language0). Reported on input line 38.
Loading definitions for the Vietnamese font encoding
(/home/hyxinh/.miktex/texmfs/install/tex/latex/vntex/t5enc.def
File: t5enc.def 2006/11/21 v1.4 Vietnamese T5 encoding
Now handling font encoding T5 ...
... processing UTF-8 mapping file for font encoding T5

(/home/hyxinh/.miktex/texmfs/install/tex/latex/vntex/t5enc.dfu
File: t5enc.dfu 2006/08/19 v1.1 UTF8 support for Vietnamese
   defining Unicode char U+00AB (decimal 171)
   defining Unicode char U+00BB (decimal 187)
   defining Unicode char U+00C0 (decimal 192)
   defining Unicode char U+00C1 (decimal 193)
   defining Unicode char U+00C2 (decimal 194)
   defining Unicode char U+00C3 (decimal 195)
   defining Unicode char U+00C8 (decimal 200)
   defining Unicode char U+00C9 (decimal 201)
   defining Unicode char U+00CA (decimal 202)
   defining Unicode char U+00CC (decimal 204)
   defining Unicode char U+00CD (decimal 205)
   defining Unicode char U+00D2 (decimal 210)
   defining Unicode char U+00D3 (decimal 211)
   defining Unicode char U+00D4 (decimal 212)
   defining Unicode char U+00D5 (decimal 213)
   defining Unicode char U+00D9 (decimal 217)
   defining Unicode char U+00DA (decimal 218)
   defining Unicode char U+00DD (decimal 221)
   defining Unicode char U+00E0 (decimal 224)
   defining Unicode char U+00E1 (decimal 225)
   defining Unicode char U+00E2 (decimal 226)
   defining Unicode char U+00E3 (decimal 227)
   defining Unicode char U+00E8 (decimal 232)
   defining Unicode char U+00E9 (decimal 233)
   defining Unicode char U+00EA (decimal 234)
   defining Unicode char U+00EC (decimal 236)
   defining Unicode char U+00ED (decimal 237)
   defining Unicode char U+00F2 (decimal 242)
   defining Unicode char U+00F3 (decimal 243)
   defining Unicode char U+00F4 (decimal 244)
   defining Unicode char U+00F5 (decimal 245)
   defining Unicode char U+00F9 (decimal 249)
   defining Unicode char U+00FA (decimal 250)
   defining Unicode char U+00FD (decimal 253)
   defining Unicode char U+0102 (decimal 258)
   defining Unicode char U+0103 (decimal 259)
   defining Unicode char U+0110 (decimal 272)
   defining Unicode char U+0111 (decimal 273)
   defining Unicode char U+0128 (decimal 296)
   defining Unicode char U+0129 (decimal 297)
   defining Unicode char U+0131 (decimal 305)
   defining Unicode char U+0168 (decimal 360)
   defining Unicode char U+0169 (decimal 361)
   defining Unicode char U+01A0 (decimal 416)
   defining Unicode char U+01A1 (decimal 417)
   defining Unicode char U+01AF (decimal 431)
   defining Unicode char U+01B0 (decimal 432)
   defining Unicode char U+1EA0 (decimal 7840)
   defining Unicode char U+1EA1 (decimal 7841)
   defining Unicode char U+1EA2 (decimal 7842)
   defining Unicode char U+1EA3 (decimal 7843)
   defining Unicode char U+1EA4 (decimal 7844)
   defining Unicode char U+1EA5 (decimal 7845)
   defining Unicode char U+1EA6 (decimal 7846)
   defining Unicode char U+1EA7 (decimal 7847)
   defining Unicode char U+1EA8 (decimal 7848)
   defining Unicode char U+1EA9 (decimal 7849)
   defining Unicode char U+1EAA (decimal 7850)
   defining Unicode char U+1EAB (decimal 7851)
   defining Unicode char U+1EAC (decimal 7852)
   defining Unicode char U+1EAD (decimal 7853)
   defining Unicode char U+1EAE (decimal 7854)
   defining Unicode char U+1EAF (decimal 7855)
   defining Unicode char U+1EB0 (decimal 7856)
   defining Unicode char U+1EB1 (decimal 7857)
   defining Unicode char U+1EB2 (decimal 7858)
   defining Unicode char U+1EB3 (decimal 7859)
   defining Unicode char U+1EB4 (decimal 7860)
   defining Unicode char U+1EB5 (decimal 7861)
   defining Unicode char U+1EB6 (decimal 7862)
   defining Unicode char U+1EB7 (decimal 7863)
   defining Unicode char U+1EB8 (decimal 7864)
   defining Unicode char U+1EB9 (decimal 7865)
   defining Unicode char U+1EBA (decimal 7866)
   defining Unicode char U+1EBB (decimal 7867)
   defining Unicode char U+1EBC (decimal 7868)
   defining Unicode char U+1EBD (decimal 7869)
   defining Unicode char U+1EBE (decimal 7870)
   defining Unicode char U+1EBF (decimal 7871)
   defining Unicode char U+1EC0 (decimal 7872)
   defining Unicode char U+1EC1 (decimal 7873)
   defining Unicode char U+1EC2 (decimal 7874)
   defining Unicode char U+1EC3 (decimal 7875)
   defining Unicode char U+1EC4 (decimal 7876)
   defining Unicode char U+1EC5 (decimal 7877)
   defining Unicode char U+1EC6 (decimal 7878)
   defining Unicode char U+1EC7 (decimal 7879)
   defining Unicode char U+1EC8 (decimal 7880)
   defining Unicode char U+1EC9 (decimal 7881)
   defining Unicode char U+1ECA (decimal 7882)
   defining Unicode char U+1ECB (decimal 7883)
   defining Unicode char U+1ECC (decimal 7884)
   defining Unicode char U+1ECD (decimal 7885)
   defining Unicode char U+1ECE (decimal 7886)
   defining Unicode char U+1ECF (decimal 7887)
   defining Unicode char U+1ED0 (decimal 7888)
   defining Unicode char U+1ED1 (decimal 7889)
   defining Unicode char U+1ED2 (decimal 7890)
   defining Unicode char U+1ED3 (decimal 7891)
   defining Unicode char U+1ED4 (decimal 7892)
   defining Unicode char U+1ED5 (decimal 7893)
   defining Unicode char U+1ED6 (decimal 7894)
   defining Unicode char U+1ED7 (decimal 7895)
   defining Unicode char U+1ED8 (decimal 7896)
   defining Unicode char U+1ED9 (decimal 7897)
   defining Unicode char U+1EDA (decimal 7898)
   defining Unicode char U+1EDB (decimal 7899)
   defining Unicode char U+1EDC (decimal 7900)
   defining Unicode char U+1EDD (decimal 7901)
   defining Unicode char U+1EDE (decimal 7902)
   defining Unicode char U+1EDF (decimal 7903)
   defining Unicode char U+1EE0 (decimal 7904)
   defining Unicode char U+1EE1 (decimal 7905)
   defining Unicode char U+1EE2 (decimal 7906)
   defining Unicode char U+1EE3 (decimal 7907)
   defining Unicode char U+1EE4 (decimal 7908)
   defining Unicode char U+1EE5 (decimal 7909)
   defining Unicode char U+1EE6 (decimal 7910)
   defining Unicode char U+1EE7 (decimal 7911)
   defining Unicode char U+1EE8 (decimal 7912)
   defining Unicode char U+1EE9 (decimal 7913)
   defining Unicode char U+1EEA (decimal 7914)
   defining Unicode char U+1EEB (decimal 7915)
   defining Unicode char U+1EEC (decimal 7916)
   defining Unicode char U+1EED (decimal 7917)
   defining Unicode char U+1EEE (decimal 7918)
   defining Unicode char U+1EEF (decimal 7919)
   defining Unicode char U+1EF0 (decimal 7920)
   defining Unicode char U+1EF1 (decimal 7921)
   defining Unicode char U+1EF2 (decimal 7922)
   defining Unicode char U+1EF3 (decimal 7923)
   defining Unicode char U+1EF4 (decimal 7924)
   defining Unicode char U+1EF5 (decimal 7925)
   defining Unicode char U+1EF6 (decimal 7926)
   defining Unicode char U+1EF7 (decimal 7927)
   defining Unicode char U+1EF8 (decimal 7928)
   defining Unicode char U+1EF9 (decimal 7929)
   defining Unicode char U+200C (decimal 8204)
   defining Unicode char U+2013 (decimal 8211)
   defining Unicode char U+2014 (decimal 8212)
   defining Unicode char U+2018 (decimal 8216)
   defining Unicode char U+2019 (decimal 8217)
   defining Unicode char U+201A (decimal 8218)
   defining Unicode char U+201C (decimal 8220)
   defining Unicode char U+201D (decimal 8221)
   defining Unicode char U+201E (decimal 8222)
   defining Unicode char U+2030 (decimal 8240)
   defining Unicode char U+2031 (decimal 8241)
   defining Unicode char U+2039 (decimal 8249)
   defining Unicode char U+203A (decimal 8250)
   defining Unicode char U+2423 (decimal 9251)
))

Package babel Warning: No input encoding specified for Vietnamese on input line
 146.

Package babel Info: Making " an active character on input line 147.
))
(/home/hyxinh/.miktex/texmfs/install/tex/generic/babel/locale/vi/babel-vietname
se.tex
Package babel Info: Importing font and identification data for vietnamese
(babel)             from babel-vi.ini. Reported on input line 11.
) (/home/hyxinh/.miktex/texmfs/install/tex/latex/sectsty/sectsty.sty
Package: sectsty 2002/02/25 v2.0.2 Commands to change all sectional heading sty
les


LaTeX Warning: Command \underbar  has changed.
               Check if current package is valid.


LaTeX Warning: Command \underline  has changed.
               Check if current package is valid.

) (/home/hyxinh/.miktex/texmfs/install/tex/latex/graphics/graphicx.sty
Package: graphicx 2021/09/16 v1.2d Enhanced LaTeX Graphics (DPC,SPQR)

(/home/hyxinh/.miktex/texmfs/install/tex/latex/graphics/keyval.sty
Package: keyval 2022/05/29 v1.15 key=value parser (DPC)
\KV@toks@=\toks17
)
(/home/hyxinh/.miktex/texmfs/install/tex/latex/graphics/graphics.sty
Package: graphics 2024/08/06 v1.4g Standard LaTeX Graphics (DPC,SPQR)

(/home/hyxinh/.miktex/texmfs/install/tex/latex/graphics/trig.sty
Package: trig 2023/12/02 v1.11 sin cos tan (DPC)
)
(/home/hyxinh/.miktex/texmfs/install/tex/latex/graphics-cfg/graphics.cfg
File: graphics.cfg 2016/06/04 v1.11 sample graphics configuration
)
Package graphics Info: Driver file: pdftex.def on input line 106.

(/home/hyxinh/.miktex/texmfs/install/tex/latex/graphics-def/pdftex.def
File: pdftex.def 2024/04/13 v1.2c Graphics/color driver for pdftex
))
\Gin@req@height=\dimen143
\Gin@req@width=\dimen144
)
(/home/hyxinh/.miktex/texmfs/install/tex/latex/setspace/setspace.sty
Package: setspace 2022/12/04 v6.7b set line spacing
)
(/home/hyxinh/.miktex/texmfs/install/tex/latex/float/float.sty
Package: float 2001/11/08 v1.3d Float enhancements (AL)
\c@float@type=\count272
\float@exts=\toks18
\float@box=\box52
\@float@everytoks=\toks19
\@floatcapt=\box53
)
(/home/hyxinh/.miktex/texmfs/install/tex/latex/l3backend/l3backend-pdftex.def
File: l3backend-pdftex.def 2024-05-08 L3 backend support: PDF output (pdfTeX)
\l__color_backend_stack_int=\count273
\l__pdf_internal_box=\box54
)
(kk.aux
LaTeX Font Info:    Trying to load font information for T5+cmr on input line 5.

 (/home/hyxinh/.miktex/texmfs/install/tex/latex/vntex/t5cmr.fd
File: t5cmr.fd 1999/05/25 v2.5h Standard LaTeX font definitions
)

LaTeX Warning: Label `fig:hypertensionchart' multiply defined.

)
\openout1 = `kk.aux'.

LaTeX Font Info:    Checking defaults for OML/cmm/m/it on input line 20.
LaTeX Font Info:    ... okay on input line 20.
LaTeX Font Info:    Checking defaults for OMS/cmsy/m/n on input line 20.
LaTeX Font Info:    ... okay on input line 20.
LaTeX Font Info:    Checking defaults for OT1/cmr/m/n on input line 20.
LaTeX Font Info:    ... okay on input line 20.
LaTeX Font Info:    Checking defaults for T1/cmr/m/n on input line 20.
LaTeX Font Info:    ... okay on input line 20.
LaTeX Font Info:    Checking defaults for TS1/cmr/m/n on input line 20.
LaTeX Font Info:    ... okay on input line 20.
LaTeX Font Info:    Checking defaults for OMX/cmex/m/n on input line 20.
LaTeX Font Info:    ... okay on input line 20.
LaTeX Font Info:    Checking defaults for U/cmr/m/n on input line 20.
LaTeX Font Info:    ... okay on input line 20.
LaTeX Font Info:    Checking defaults for T5/cmr/m/n on input line 20.
LaTeX Font Info:    ... okay on input line 20.
 (/home/hyxinh/.miktex/texmfs/install/tex/context/base/mkii/supp-pdf.mkii
[Loading MPS to PDF converter (version 2006.09.02).]
\scratchcounter=\count274
\scratchdimen=\dimen145
\scratchbox=\box55
\nofMPsegments=\count275
\nofMParguments=\count276
\everyMPshowfont=\toks20
\MPscratchCnt=\count277
\MPscratchDim=\dimen146
\MPnumerator=\count278
\makeMPintoPDFobject=\count279
\everyMPtoPDFconversion=\toks21
) (/home/hyxinh/.miktex/texmfs/install/tex/latex/epstopdf-pkg/epstopdf-base.sty
Package: epstopdf-base 2020-01-24 v2.11 Base part for package epstopdf
Package epstopdf-base Info: Redefining graphics rule for `.eps' on input line 4
85.
(/home/hyxinh/.miktex/texmfs/install/tex/latex/00miktex/epstopdf-sys.cfg
File: epstopdf-sys.cfg 2021/03/18 v2.0 Configuration of epstopdf for MiKTeX
))
LaTeX Font Info:    External font `cmex10' loaded for size
(Font)              <12> on input line 21.
LaTeX Font Info:    External font `cmex10' loaded for size
(Font)              <8> on input line 21.
LaTeX Font Info:    External font `cmex10' loaded for size
(Font)              <6> on input line 21.


[1

{/home/hyxinh/.miktex/texmfs/data/fonts/map/pdftex/pdftex.map}] (kk.toc)
\tf@toc=\write3
\openout3 = `kk.toc'.



[2] (kk.lof
LaTeX Font Info:    External font `cmex10' loaded for size
(Font)              <10.95> on input line 2.
)
\tf@lof=\write4
\openout4 = `kk.lof'.



[3]

[4]
<nullCheck.png, id=20, 387.69844pt x 245.41687pt>
File: nullCheck.png Graphic file (type png)
<use nullCheck.png>
Package pdftex.def Info: nullCheck.png  used on input line 80.
(pdftex.def)             Requested size: 328.82706pt x 208.15594pt.


[5 <./nullCheck.png>]
<correlationHeatmap.png, id=26, 891.33pt x 796.9775pt>
File: correlationHeatmap.png Graphic file (type png)
<use correlationHeatmap.png>
Package pdftex.def Info: correlationHeatmap.png  used on input line 97.
(pdftex.def)             Requested size: 328.82706pt x 294.01363pt.
<genderPie.png, id=27, 482.80376pt x 483.8075pt>
File: genderPie.png Graphic file (type png)
<use genderPie.png>
Package pdftex.def Info: genderPie.png  used on input line 132.
(pdftex.def)             Requested size: 234.87749pt x 235.36244pt.


[6 <./correlationHeatmap.png (PNG copy)>]
<residencePie.png, id=31, 482.80376pt x 483.8075pt>
File: residencePie.png Graphic file (type png)
<use residencePie.png>
Package pdftex.def Info: residencePie.png  used on input line 139.
(pdftex.def)             Requested size: 234.87749pt x 235.36244pt.
<marriedPie.png, id=32, 482.80376pt x 483.8075pt>
File: marriedPie.png Graphic file (type png)
<use marriedPie.png>
Package pdftex.def Info: marriedPie.png  used on input line 146.
(pdftex.def)             Requested size: 234.87749pt x 235.36244pt.


[7 <./genderPie.png (PNG copy)> <./residencePie.png (PNG copy)>]
<workedPie.png, id=37, 594.22pt x 483.8075pt>
File: workedPie.png Graphic file (type png)
<use workedPie.png>
Package pdftex.def Info: workedPie.png  used on input line 153.
(pdftex.def)             Requested size: 234.87749pt x 191.23843pt.
<smokingPie.png, id=38, 604.2575pt x 483.8075pt>
File: smokingPie.png Graphic file (type png)
<use smokingPie.png>
Package pdftex.def Info: smokingPie.png  used on input line 160.
(pdftex.def)             Requested size: 234.87749pt x 188.05667pt.


[8 <./marriedPie.png (PNG copy)> <./workedPie.png (PNG copy)>]
<hypertensionChart.png, id=42, 395.4775pt x 394.47375pt>
File: hypertensionChart.png Graphic file (type png)
<use hypertensionChart.png>
Package pdftex.def Info: hypertensionChart.png  used on input line 167.
(pdftex.def)             Requested size: 234.87749pt x 234.28441pt.
File: hypertensionChart.png Graphic file (type png)
<use hypertensionChart.png>
Package pdftex.def Info: hypertensionChart.png  used on input line 174.
(pdftex.def)             Requested size: 234.87749pt x 234.28441pt.


[9 <./smokingPie.png (PNG copy)> <./hypertensionChart.png (PNG copy)>]
<ageAndStroke.png, id=46, 1008.76875pt x 394.47375pt>
File: ageAndStroke.png Graphic file (type png)
<use ageAndStroke.png>
Package pdftex.def Info: ageAndStroke.png  used on input line 181.
(pdftex.def)             Requested size: 469.75499pt x 183.69324pt.
<glucoseAndStroke.png, id=47, 1008.76875pt x 394.47375pt>
File: glucoseAndStroke.png Graphic file (type png)
<use glucoseAndStroke.png>
Package pdftex.def Info: glucoseAndStroke.png  used on input line 197.
(pdftex.def)             Requested size: 469.75499pt x 183.69324pt.


[10 <./ageAndStroke.png (PNG copy)>]
<bmiAndStroke.png, id=51, 1008.76875pt x 394.47375pt>
File: bmiAndStroke.png Graphic file (type png)
<use bmiAndStroke.png>
Package pdftex.def Info: bmiAndStroke.png  used on input line 212.
(pdftex.def)             Requested size: 469.75499pt x 183.69324pt.


[11 <./glucoseAndStroke.png (PNG copy)> <./bmiAndStroke.png (PNG copy)>]
<dataBalanceCompare.png, id=55, 395.4775pt x 394.47375pt>
File: dataBalanceCompare.png Graphic file (type png)
<use dataBalanceCompare.png>
Package pdftex.def Info: dataBalanceCompare.png  used on input line 230.
(pdftex.def)             Requested size: 234.87749pt x 234.28441pt.
<compareBalancePie.png, id=56, 342.27875pt x 351.3125pt>
File: compareBalancePie.png Graphic file (type png)
<use compareBalancePie.png>
Package pdftex.def Info: compareBalancePie.png  used on input line 237.
(pdftex.def)             Requested size: 234.87749pt x 241.0818pt.


[12 <./dataBalanceCompare.png (PNG copy)>]
<solBalanceData.png, id=60, 704.6325pt x 481.8pt>
File: solBalanceData.png Graphic file (type png)
<use solBalanceData.png>
Package pdftex.def Info: solBalanceData.png  used on input line 254.
(pdftex.def)             Requested size: 328.82706pt x 224.83601pt.


[13 <./compareBalancePie.png (PNG copy)>]

[14 <./solBalanceData.png>] (kk.aux)
 ***********
LaTeX2e <2024-11-01>
L3 programming layer <2024-11-02>
 ***********


LaTeX Warning: There were multiply-defined labels.

 ) 
Here is how much of TeX's memory you used:
 3270 strings out of 473683
 55721 string characters out of 5723537
 451849 words of memory out of 5000000
 26341 multiletter control sequences out of 15000+600000
 568395 words of font info for 55 fonts, out of 8000000 for 9000
 1141 hyphenation exceptions out of 8191
 57i,7n,65p,651b,355s stack positions out of 10000i,1000n,20000p,200000b,200000s
</home/hyxinh/.miktex/texmfs/install/fonts/type1/vntex/vnr/vnbx10.pfb></home/
hyxinh/.miktex/texmfs/install/fonts/type1/vntex/vnr/vnbx12.pfb></home/hyxinh/.m
iktex/texmfs/install/fonts/type1/vntex/vnr/vnr10.pfb></home/hyxinh/.miktex/texm
fs/install/fonts/type1/vntex/vnr/vnr12.pfb></home/hyxinh/.miktex/texmfs/install
/fonts/type1/vntex/vnr/vnr17.pfb></home/hyxinh/.miktex/texmfs/install/fonts/typ
e1/vntex/vnr/vnti10.pfb>
Output written on kk.pdf (14 pages, 472771 bytes).
PDF statistics:
 95 PDF objects out of 1000 (max. 8388607)
 0 named destinations out of 1000 (max. 500000)
 71 words of extra memory for PDF output out of 10000 (max. 10000000)

